<?xml version="1.0" encoding="UTF-8"?>
<testsuite xmlns:xsi="http://www.w3.org/2001/XMLSchema-instance" xsi:noNamespaceSchemaLocation="https://maven.apache.org/surefire/maven-surefire-plugin/xsd/surefire-test-report.xsd" name="com.codec.test.RobotTest" time="0.07" tests="3" errors="0" skipped="0" failures="0">
  <properties>
[...]
</properties>
  <testcase name="shouldFaceCorrectDirection" classname="com.codec.test.RobotTest" time="0.004"/>
  <testcase name="shouldBeInCorrectPosition" classname="com.codec.test.RobotTest" time="0"/>
  <testcase name="shouldReturnCorrectResult" classname="com.codec.test.RobotTest" time="0"/>
</testsuite>